<?xml version="1.0" encoding="UTF-8"?>
<testsuite xmlns:xsi="http://www.w3.org/2001/XMLSchema-instance" xsi:noNamespaceSchemaLocation="https://maven.apache.org/surefire/maven-surefire-plugin/xsd/surefire-test-report.xsd" name="com.mycompany.app.AppTest" time="3.328" tests="1" errors="0" skipped="0" failures="0">
  <properties>
    <property name="sun.desktop" value="windows"/>
    <property name="awt.toolkit" value="sun.awt.windows.WToolkit"/>
    <property name="java.specification.version" value="11"/>
    <property name="sun.cpu.isalist" value="amd64"/>
    <property name="sun.jnu.encoding" value="Cp1252"/>
    <property name="java.class.path" value="F:\Dev Ops\maven\meven demo 1\MVN 1\my-app\target\test-classes;F:\Dev Ops\maven\meven demo 1\MVN 1\my-app\target\classes;C:\Users\nisha\.m2\repository\org\testng\testng\7.7.1\testng-7.7.1.jar;C:\Users\nisha\.m2\repository\org\slf4j\slf4j-api\1.7.36\slf4j-api-1.7.36.jar;C:\Users\nisha\.m2\repository\com\beust\jcommander\1.82\jcommander-1.82.jar;C:\Users\nisha\.m2\repository\org\webjars\jquery\3.6.1\jquery-3.6.1.jar;C:\Users\nisha\.m2\repository\junit\junit\4.11\junit-4.11.jar;C:\Users\nisha\.m2\repository\org\hamcrest\hamcrest-core\1.3\hamcrest-core-1.3.jar;"/>
    <property name="java.vm.vendor" value="Red Hat, Inc."/>
    <property name="sun.arch.data.model" value="64"/>
    <property name="user.variant" value=""/>
    <property name="java.vendor.url" value="https://access.redhat.com/"/>
    <property name="user.timezone" value="Asia/Calcutta"/>
    <property name="java.vm.specification.version" value="11"/>
    <property name="os.name" value="Windows 10"/>
    <property name="sun.java.launcher" value="SUN_STANDARD"/>
    <property name="user.country" value="IN"/>
    <property name="sun.boot.library.path" value="E:\src_pkg\Java\java-11-openjdk\bin"/>
    <property name="sun.java.command" value="C:\Users\nisha\AppData\Local\Temp\surefire1292633976965838467\surefirebooter4190333972044695540.jar C:\Users\nisha\AppData\Local\Temp\surefire1292633976965838467 2023-03-09T11-44-30_645-jvmRun1 surefire12342228149033464400tmp surefire_06350413843455403449tmp"/>
    <property name="jdk.debug" value="release"/>
    <property name="surefire.test.class.path" value="F:\Dev Ops\maven\meven demo 1\MVN 1\my-app\target\test-classes;F:\Dev Ops\maven\meven demo 1\MVN 1\my-app\target\classes;C:\Users\nisha\.m2\repository\org\testng\testng\7.7.1\testng-7.7.1.jar;C:\Users\nisha\.m2\repository\org\slf4j\slf4j-api\1.7.36\slf4j-api-1.7.36.jar;C:\Users\nisha\.m2\repository\com\beust\jcommander\1.82\jcommander-1.82.jar;C:\Users\nisha\.m2\repository\org\webjars\jquery\3.6.1\jquery-3.6.1.jar;C:\Users\nisha\.m2\repository\junit\junit\4.11\junit-4.11.jar;C:\Users\nisha\.m2\repository\org\hamcrest\hamcrest-core\1.3\hamcrest-core-1.3.jar;"/>
    <property name="sun.cpu.endian" value="little"/>
    <property name="user.home" value="C:\Users\nisha"/>
    <property name="user.language" value="en"/>
    <property name="java.specification.vendor" value="Oracle Corporation"/>
    <property name="java.version.date" value="2023-01-17"/>
    <property name="java.home" value="E:\src_pkg\Java\java-11-openjdk"/>
    <property name="file.separator" value="\"/>
    <property name="basedir" value="F:\Dev Ops\maven\meven demo 1\MVN 1\my-app"/>
    <property name="java.vm.compressedOopsMode" value="32-bit"/>
    <property name="line.separator" value="&#10;"/>
    <property name="java.specification.name" value="Java Platform API Specification"/>
    <property name="java.vm.specification.vendor" value="Oracle Corporation"/>
    <property name="java.awt.graphicsenv" value="sun.awt.Win32GraphicsEnvironment"/>
    <property name="surefire.real.class.path" value="C:\Users\nisha\AppData\Local\Temp\surefire1292633976965838467\surefirebooter4190333972044695540.jar"/>
    <property name="user.script" value=""/>
    <property name="sun.management.compiler" value="HotSpot 64-Bit Tiered Compilers"/>
    <property name="java.runtime.version" value="11.0.18+10-LTS"/>
    <property name="user.name" value="nisha"/>
    <property name="path.separator" value=";"/>
    <property name="os.version" value="10.0"/>
    <property name="java.runtime.name" value="OpenJDK Runtime Environment"/>
    <property name="file.encoding" value="Cp1252"/>
    <property name="java.vm.name" value="OpenJDK 64-Bit Server VM"/>
    <property name="java.vendor.version" value="(Red_Hat-11.0.18+10-1)"/>
    <property name="localRepository" value="C:\Users\nisha\.m2\repository"/>
    <property name="java.vendor.url.bug" value="https://bugzilla.redhat.com/enter_bug.cgi"/>
    <property name="java.io.tmpdir" value="C:\Users\nisha\AppData\Local\Temp\"/>
    <property name="java.version" value="11.0.18"/>
    <property name="user.dir" value="F:\Dev Ops\maven\meven demo 1\MVN 1\my-app"/>
    <property name="os.arch" value="amd64"/>
    <property name="java.vm.specification.name" value="Java Virtual Machine Specification"/>
    <property name="java.awt.printerjob" value="sun.awt.windows.WPrinterJob"/>
    <property name="sun.os.patch.level" value=""/>
    <property name="java.library.path" value="E:\src_pkg\Java\java-11-openjdk\bin;C:\Windows\Sun\Java\bin;C:\Windows\system32;C:\Windows;C:\Windows\system32;C:\Windows;C:\Windows\System32\Wbem;C:\Windows\System32\WindowsPowerShell\v1.0\;C:\Windows\System32\OpenSSH\;E:\src_pkg\Git\cmd;E:\Git\cmd;E:\src_pkg\Java\java-11-openjdk\bin;E:\src_pkg\maven\bin;C:\Users\nisha\AppData\Local\Microsoft\WindowsApps;E:\src_pkg\VS Code\bin;E:\src_pkg\Java\java-11-openjdk\bin;E:\src_pkg\maven\bin;;."/>
    <property name="java.vm.info" value="mixed mode"/>
    <property name="java.vendor" value="Red Hat, Inc."/>
    <property name="java.vm.version" value="11.0.18+10-LTS"/>
    <property name="sun.io.unicode.encoding" value="UnicodeLittle"/>
    <property name="java.class.version" value="55.0"/>
  </properties>
  <testcase name="shouldAnswerWithTrue on shouldAnswerWithTrue(com.mycompany.app.AppTest)" classname="com.mycompany.app.AppTest" time="0.004"/>
</testsuite>