<?xml version="1.0" encoding="UTF-8"?>
<!-- Generated by org.testng.reporters.JUnitReportReporter -->
<testsuite hostname="DESKTOP-HGTRMVQ" failures="0" tests="1" name="com.mycompany.app.AppTest" time="0.044" errors="0" timestamp="2023-03-09T11:44:50 IST" skipped="0">
  <testcase classname="com.mycompany.app.AppTest" name="shouldAnswerWithTrue" time="0.044"/>
  <system-out/>
</testsuite> <!-- com.mycompany.app.AppTest -->
